Info: Starting: Create block symbol file (.bsf)
Info: ip-generate --project-directory=C:/Users/aluno/Documents/Dispositivos/aula_220819/ --output-directory=C:/Users/aluno/Documents/Dispositivos/aula_220819/aula_220819-qsys/ --report-file=bsf:C:/Users/aluno/Documents/Dispositivos/aula_220819/aula_220819-qsys.bsf --system-info=DEVICE_FAMILY="Cyclone IV GX" --system-info=DEVICE=Unknown --system-info=DEVICE_SPEEDGRADE=Unknown --component-file=C:/Users/aluno/Documents/Dispositivos/aula_220819/aula_220819-qsys.qsys
Progress: Loading aula_220819/aula_220819-qsys.qsys
Progress: Reading input file
Progress: Adding clk_0 [clock_source 13.0]
Progress: Parameterizing module clk_0
Progress: Adding nios2_qsys_0 [altera_nios2_qsys 13.0]
Progress: Parameterizing module nios2_qsys_0
Progress: Adding onchip_memory2_0 [altera_avalon_onchip_memory2 13.0.1.99.2]
Progress: Parameterizing module onchip_memory2_0
Progress: Adding jtag_uart_0 [altera_avalon_jtag_uart 13.0.1.99.2]
Progress: Parameterizing module jtag_uart_0
Progress: Adding pio_0 [altera_avalon_pio 13.0.1.99.2]
Progress: Parameterizing module pio_0
Progress: Adding pio_1 [altera_avalon_pio 13.0.1.99.2]
Progress: Parameterizing module pio_1
Progress: Building connections
Progress: Parameterizing connections
Progress: Validating
Progress: Done reading input file
Info: aula_220819-qsys.pio_0: PIO inputs are not hardwired in test bench. Undefined values will be read from PIO inputs during simulation.
Info: ip-generate succeeded.
Info: Finished: Create block symbol file (.bsf)
Info: 
Info: Starting: Create HDL design files for synthesis
Info: ip-generate --project-directory=C:/Users/aluno/Documents/Dispositivos/aula_220819/ --output-directory=C:/Users/aluno/Documents/Dispositivos/aula_220819/aula_220819-qsys/synthesis/ --file-set=QUARTUS_SYNTH --report-file=sopcinfo:C:/Users/aluno/Documents/Dispositivos/aula_220819/aula_220819-qsys.sopcinfo --report-file=html:C:/Users/aluno/Documents/Dispositivos/aula_220819/aula_220819-qsys.html --report-file=qip:C:/Users/aluno/Documents/Dispositivos/aula_220819/aula_220819-qsys/synthesis/aula_220819-qsys.qip --report-file=cmp:C:/Users/aluno/Documents/Dispositivos/aula_220819/aula_220819-qsys.cmp --report-file=svd --system-info=DEVICE_FAMILY="Cyclone IV GX" --system-info=DEVICE=Unknown --system-info=DEVICE_SPEEDGRADE=Unknown --component-file=C:/Users/aluno/Documents/Dispositivos/aula_220819/aula_220819-qsys.qsys --language=VHDL
Progress: Loading aula_220819/aula_220819-qsys.qsys
Progress: Reading input file
Progress: Adding clk_0 [clock_source 13.0]
Progress: Parameterizing module clk_0
Progress: Adding nios2_qsys_0 [altera_nios2_qsys 13.0]
Progress: Parameterizing module nios2_qsys_0
Progress: Adding onchip_memory2_0 [altera_avalon_onchip_memory2 13.0.1.99.2]
Progress: Parameterizing module onchip_memory2_0
Progress: Adding jtag_uart_0 [altera_avalon_jtag_uart 13.0.1.99.2]
Progress: Parameterizing module jtag_uart_0
Progress: Adding pio_0 [altera_avalon_pio 13.0.1.99.2]
Progress: Parameterizing module pio_0
Progress: Adding pio_1 [altera_avalon_pio 13.0.1.99.2]
Progress: Parameterizing module pio_1
Progress: Building connections
Progress: Parameterizing connections
Progress: Validating
Progress: Done reading input file
Info: aula_220819-qsys.pio_0: PIO inputs are not hardwired in test bench. Undefined values will be read from PIO inputs during simulation.
Info: aula_220819-qsys: Generating aula_220819-qsys "aula_220819-qsys" for QUARTUS_SYNTH
Info: pipeline_bridge_swap_transform: After transform: 6 modules, 21 connections
Info: No custom instruction connections, skipping transform 
Info: merlin_translator_transform: After transform: 13 modules, 42 connections
Info: merlin_domain_transform: After transform: 26 modules, 106 connections
Info: merlin_router_transform: After transform: 33 modules, 127 connections
Info: merlin_traffic_limiter_transform: After transform: 35 modules, 135 connections
Info: reset_adaptation_transform: After transform: 36 modules, 137 connections
Info: merlin_network_to_switch_transform: After transform: 49 modules, 171 connections
Info: limiter_update_transform: After transform: 49 modules, 173 connections
Info: merlin_mm_transform: After transform: 49 modules, 173 connections
Info: merlin_interrupt_mapper_transform: After transform: 50 modules, 176 connections
Warning: aula_220819-qsys: "No matching role found for rst_controller:reset_out:reset_req (reset_req)"
Warning: aula_220819-qsys: "No matching role found for rst_controller:reset_out:reset_req (reset_req)"
Warning: aula_220819-qsys: "No matching role found for rst_controller:reset_out:reset_req (reset_req)"
Warning: aula_220819-qsys: "No matching role found for rst_controller:reset_out:reset_req (reset_req)"
Warning: aula_220819-qsys: "No matching role found for rst_controller:reset_out:reset_req (reset_req)"
Warning: aula_220819-qsys: "No matching role found for rst_controller:reset_out:reset_req (reset_req)"
Warning: aula_220819-qsys: "No matching role found for rst_controller:reset_out:reset_req (reset_req)"
Warning: aula_220819-qsys: "No matching role found for rst_controller:reset_out:reset_req (reset_req)"
Warning: aula_220819-qsys: "No matching role found for rst_controller:reset_out:reset_req (reset_req)"
Warning: aula_220819-qsys: "No matching role found for rst_controller:reset_out:reset_req (reset_req)"
Warning: aula_220819-qsys: "No matching role found for rst_controller:reset_out:reset_req (reset_req)"
Warning: aula_220819-qsys: "No matching role found for rst_controller:reset_out:reset_req (reset_req)"
Warning: aula_220819-qsys: "No matching role found for rst_controller:reset_out:reset_req (reset_req)"
Warning: aula_220819-qsys: "No matching role found for rst_controller:reset_out:reset_req (reset_req)"
Warning: aula_220819-qsys: "No matching role found for rst_controller:reset_out:reset_req (reset_req)"
Warning: aula_220819-qsys: "No matching role found for rst_controller:reset_out:reset_req (reset_req)"
Warning: aula_220819-qsys: "No matching role found for rst_controller:reset_out:reset_req (reset_req)"
Warning: aula_220819-qsys: "No matching role found for rst_controller:reset_out:reset_req (reset_req)"
Warning: aula_220819-qsys: "No matching role found for rst_controller:reset_out:reset_req (reset_req)"
Warning: aula_220819-qsys: "No matching role found for rst_controller:reset_out:reset_req (reset_req)"
Warning: aula_220819-qsys: "No matching role found for rst_controller:reset_out:reset_req (reset_req)"
Warning: aula_220819-qsys: "No matching role found for rst_controller:reset_out:reset_req (reset_req)"
Warning: aula_220819-qsys: "No matching role found for rst_controller:reset_out:reset_req (reset_req)"
Warning: aula_220819-qsys: "No matching role found for rst_controller:reset_out:reset_req (reset_req)"
Warning: aula_220819-qsys: "No matching role found for rst_controller:reset_out:reset_req (reset_req)"
Warning: aula_220819-qsys: "No matching role found for rst_controller:reset_out:reset_req (reset_req)"
Warning: aula_220819-qsys: "No matching role found for rst_controller:reset_out:reset_req (reset_req)"
Warning: aula_220819-qsys: "No matching role found for rst_controller:reset_out:reset_req (reset_req)"
Warning: aula_220819-qsys: "No matching role found for rst_controller:reset_out:reset_req (reset_req)"
Warning: aula_220819-qsys: "No matching role found for rst_controller:reset_out:reset_req (reset_req)"
Warning: aula_220819-qsys: "No matching role found for rst_controller:reset_out:reset_req (reset_req)"
Warning: aula_220819-qsys: "No matching role found for rst_controller:reset_out:reset_req (reset_req)"
Warning: aula_220819-qsys: "No matching role found for rst_controller:reset_out:reset_req (reset_req)"
Warning: aula_220819-qsys: "No matching role found for rst_controller:reset_out:reset_req (reset_req)"
Warning: aula_220819-qsys: "No matching role found for rst_controller:reset_out:reset_req (reset_req)"
Warning: aula_220819-qsys: "No matching role found for rst_controller:reset_out:reset_req (reset_req)"
Warning: aula_220819-qsys: "No matching role found for rst_controller:reset_out:reset_req (reset_req)"
Warning: aula_220819-qsys: "No matching role found for rst_controller:reset_out:reset_req (reset_req)"
Warning: aula_220819-qsys: "No matching role found for rst_controller:reset_out:reset_req (reset_req)"
Warning: aula_220819-qsys: "No matching role found for rst_controller:reset_out:reset_req (reset_req)"
Warning: aula_220819-qsys: "No matching role found for rst_controller:reset_out:reset_req (reset_req)"
Warning: aula_220819-qsys: "No matching role found for rst_controller:reset_out:reset_req (reset_req)"
Warning: aula_220819-qsys: "No matching role found for rst_controller:reset_out:reset_req (reset_req)"
Warning: aula_220819-qsys: "No matching role found for rst_controller:reset_out:reset_req (reset_req)"
Warning: aula_220819-qsys: "No matching role found for rst_controller:reset_out:reset_req (reset_req)"
Warning: aula_220819-qsys: "No matching role found for rst_controller:reset_out:reset_req (reset_req)"
Warning: aula_220819-qsys: "No matching role found for rst_controller:reset_out:reset_req (reset_req)"
Info: nios2_qsys_0: Starting RTL generation for module 'aula_220819-qsys_nios2_qsys_0'
Info: nios2_qsys_0:   Generation command is [exec C:/altera/13.0sp1/quartus/../ip/altera/nios2_ip/altera_nios2/eperl.exe -I C:/altera/13.0sp1/quartus/common/ip/altera/common/perl/5.8.3 -I C:/altera/13.0sp1/quartus/sopc_builder/bin/europa -I C:/altera/13.0sp1/quartus/sopc_builder/bin/perl_lib -I C:/altera/13.0sp1/quartus/sopc_builder/bin -I C:/altera/13.0sp1/quartus/../ip/altera/nios2_ip/altera_nios2/cpu_lib -I C:/altera/13.0sp1/quartus/../ip/altera/nios2_ip/altera_nios2/nios_lib -I C:/altera/13.0sp1/quartus/../ip/altera/nios2_ip/altera_nios2 -I C:/altera/13.0sp1/quartus/../ip/altera/nios2_ip/altera_nios2 -- C:/altera/13.0sp1/quartus/../ip/altera/nios2_ip/altera_nios2/generate_rtl.epl --name=aula_220819-qsys_nios2_qsys_0 --dir=C:/Users/aluno/AppData/Local/Temp/alt8131_998473582339638180.dir/0001_nios2_qsys_0_gen/ --quartus_dir=C:/altera/13.0sp1/quartus --verilog --config=C:/Users/aluno/AppData/Local/Temp/alt8131_998473582339638180.dir/0001_nios2_qsys_0_gen//aula_220819-qsys_nios2_qsys_0_processor_configuration.pl  --do_build_sim=0    --bogus  ]
Info: nios2_qsys_0: # 2019.08.22 21:06:42 (*) Starting Nios II generation
Info: nios2_qsys_0: # 2019.08.22 21:06:42 (*)   Checking for plaintext license.
Info: nios2_qsys_0: # 2019.08.22 21:06:43 (*)   Couldn't query license setup in Quartus directory C:/altera/13.0sp1/quartus
Info: nios2_qsys_0: # 2019.08.22 21:06:43 (*)   Defaulting to contents of LM_LICENSE_FILE environment variable
Info: nios2_qsys_0: # 2019.08.22 21:06:43 (*)   LM_LICENSE_FILE environment variable is empty
Info: nios2_qsys_0: # 2019.08.22 21:06:43 (*)   Plaintext license not found.
Info: nios2_qsys_0: # 2019.08.22 21:06:43 (*)   Checking for encrypted license (non-evaluation).
Info: nios2_qsys_0: # 2019.08.22 21:06:43 (*)   Couldn't query license setup in Quartus directory C:/altera/13.0sp1/quartus
Info: nios2_qsys_0: # 2019.08.22 21:06:43 (*)   Defaulting to contents of LM_LICENSE_FILE environment variable
Info: nios2_qsys_0: # 2019.08.22 21:06:43 (*)   LM_LICENSE_FILE environment variable is empty
Info: nios2_qsys_0: # 2019.08.22 21:06:43 (*)   Encrypted license not found.  Defaulting to OCP evaluation license (produces a time-limited SOF)
Info: nios2_qsys_0: # 2019.08.22 21:06:43 (*)   Elaborating CPU configuration settings
Info: nios2_qsys_0: # 2019.08.22 21:06:43 (*)   Creating all objects for CPU
Info: nios2_qsys_0: # 2019.08.22 21:06:43 (*)     Testbench
Info: nios2_qsys_0: # 2019.08.22 21:06:44 (*)     Instruction decoding
Info: nios2_qsys_0: # 2019.08.22 21:06:44 (*)       Instruction fields
Info: nios2_qsys_0: # 2019.08.22 21:06:44 (*)       Instruction decodes
Info: nios2_qsys_0: # 2019.08.22 21:06:44 (*)       Signals for RTL simulation waveforms
Info: nios2_qsys_0: # 2019.08.22 21:06:44 (*)       Instruction controls
Info: nios2_qsys_0: # 2019.08.22 21:06:44 (*)     Pipeline frontend
Info: nios2_qsys_0: # 2019.08.22 21:06:44 (*)     Pipeline backend
Info: nios2_qsys_0: # 2019.08.22 21:06:46 (*)   Generating RTL from CPU objects
Info: nios2_qsys_0: # 2019.08.22 21:06:49 (*)   Creating encrypted RTL
Info: nios2_qsys_0: # 2019.08.22 21:06:50 (*) Done Nios II generation
Info: nios2_qsys_0: Done RTL generation for module 'aula_220819-qsys_nios2_qsys_0'
Info: nios2_qsys_0: "aula_220819-qsys" instantiated altera_nios2_qsys "nios2_qsys_0"
Info: onchip_memory2_0: Starting RTL generation for module 'aula_220819-qsys_onchip_memory2_0'
Info: onchip_memory2_0:   Generation command is [exec C:/altera/13.0sp1/quartus/bin/perl/bin/perl.exe -I C:/altera/13.0sp1/quartus/common/ip/altera/common/perl/5.8.3 -I C:/altera/13.0sp1/quartus/sopc_builder/bin/europa -I C:/altera/13.0sp1/quartus/sopc_builder/bin/perl_lib -I C:/altera/13.0sp1/quartus/sopc_builder/bin -I C:/altera/13.0sp1/quartus/../ip/altera/sopc_builder_ip/common -I C:/altera/13.0sp1/quartus/../ip/altera/sopc_builder_ip/altera_avalon_onchip_memory2 -- C:/altera/13.0sp1/quartus/../ip/altera/sopc_builder_ip/altera_avalon_onchip_memory2/generate_rtl.pl --name=aula_220819-qsys_onchip_memory2_0 --dir=C:/Users/aluno/AppData/Local/Temp/alt8131_998473582339638180.dir/0002_onchip_memory2_0_gen/ --quartus_dir=C:/altera/13.0sp1/quartus --verilog --config=C:/Users/aluno/AppData/Local/Temp/alt8131_998473582339638180.dir/0002_onchip_memory2_0_gen//aula_220819-qsys_onchip_memory2_0_component_configuration.pl  --do_build_sim=0  ]
Info: onchip_memory2_0: Done RTL generation for module 'aula_220819-qsys_onchip_memory2_0'
Info: onchip_memory2_0: "aula_220819-qsys" instantiated altera_avalon_onchip_memory2 "onchip_memory2_0"
Info: jtag_uart_0: Starting RTL generation for module 'aula_220819-qsys_jtag_uart_0'
Info: jtag_uart_0:   Generation command is [exec C:/altera/13.0sp1/quartus/bin/perl/bin/perl.exe -I C:/altera/13.0sp1/quartus/common/ip/altera/common/perl/5.8.3 -I C:/altera/13.0sp1/quartus/sopc_builder/bin/europa -I C:/altera/13.0sp1/quartus/sopc_builder/bin/perl_lib -I C:/altera/13.0sp1/quartus/sopc_builder/bin -I C:/altera/13.0sp1/quartus/../ip/altera/sopc_builder_ip/common -I C:/altera/13.0sp1/quartus/../ip/altera/sopc_builder_ip/altera_avalon_jtag_uart -- C:/altera/13.0sp1/quartus/../ip/altera/sopc_builder_ip/altera_avalon_jtag_uart/generate_rtl.pl --name=aula_220819-qsys_jtag_uart_0 --dir=C:/Users/aluno/AppData/Local/Temp/alt8131_998473582339638180.dir/0003_jtag_uart_0_gen/ --quartus_dir=C:/altera/13.0sp1/quartus --verilog --config=C:/Users/aluno/AppData/Local/Temp/alt8131_998473582339638180.dir/0003_jtag_uart_0_gen//aula_220819-qsys_jtag_uart_0_component_configuration.pl  --do_build_sim=0  ]
Info: jtag_uart_0: Done RTL generation for module 'aula_220819-qsys_jtag_uart_0'
Info: jtag_uart_0: "aula_220819-qsys" instantiated altera_avalon_jtag_uart "jtag_uart_0"
Info: pio_0: Starting RTL generation for module 'aula_220819-qsys_pio_0'
Info: pio_0:   Generation command is [exec C:/altera/13.0sp1/quartus/bin/perl/bin/perl.exe -I C:/altera/13.0sp1/quartus/common/ip/altera/common/perl/5.8.3 -I C:/altera/13.0sp1/quartus/sopc_builder/bin/europa -I C:/altera/13.0sp1/quartus/sopc_builder/bin/perl_lib -I C:/altera/13.0sp1/quartus/sopc_builder/bin -I C:/altera/13.0sp1/quartus/../ip/altera/sopc_builder_ip/common -I C:/altera/13.0sp1/quartus/../ip/altera/sopc_builder_ip/altera_avalon_pio -- C:/altera/13.0sp1/quartus/../ip/altera/sopc_builder_ip/altera_avalon_pio/generate_rtl.pl --name=aula_220819-qsys_pio_0 --dir=C:/Users/aluno/AppData/Local/Temp/alt8131_998473582339638180.dir/0004_pio_0_gen/ --quartus_dir=C:/altera/13.0sp1/quartus --verilog --config=C:/Users/aluno/AppData/Local/Temp/alt8131_998473582339638180.dir/0004_pio_0_gen//aula_220819-qsys_pio_0_component_configuration.pl  --do_build_sim=0  ]
Info: pio_0: Done RTL generation for module 'aula_220819-qsys_pio_0'
Info: pio_0: "aula_220819-qsys" instantiated altera_avalon_pio "pio_0"
Info: pio_1: Starting RTL generation for module 'aula_220819-qsys_pio_1'
Info: pio_1:   Generation command is [exec C:/altera/13.0sp1/quartus/bin/perl/bin/perl.exe -I C:/altera/13.0sp1/quartus/common/ip/altera/common/perl/5.8.3 -I C:/altera/13.0sp1/quartus/sopc_builder/bin/europa -I C:/altera/13.0sp1/quartus/sopc_builder/bin/perl_lib -I C:/altera/13.0sp1/quartus/sopc_builder/bin -I C:/altera/13.0sp1/quartus/../ip/altera/sopc_builder_ip/common -I C:/altera/13.0sp1/quartus/../ip/altera/sopc_builder_ip/altera_avalon_pio -- C:/altera/13.0sp1/quartus/../ip/altera/sopc_builder_ip/altera_avalon_pio/generate_rtl.pl --name=aula_220819-qsys_pio_1 --dir=C:/Users/aluno/AppData/Local/Temp/alt8131_998473582339638180.dir/0005_pio_1_gen/ --quartus_dir=C:/altera/13.0sp1/quartus --verilog --config=C:/Users/aluno/AppData/Local/Temp/alt8131_998473582339638180.dir/0005_pio_1_gen//aula_220819-qsys_pio_1_component_configuration.pl  --do_build_sim=0  ]
Info: pio_1: Done RTL generation for module 'aula_220819-qsys_pio_1'
Info: pio_1: "aula_220819-qsys" instantiated altera_avalon_pio "pio_1"
Info: nios2_qsys_0_instruction_master_translator: "aula_220819-qsys" instantiated altera_merlin_master_translator "nios2_qsys_0_instruction_master_translator"
Info: nios2_qsys_0_jtag_debug_module_translator: "aula_220819-qsys" instantiated altera_merlin_slave_translator "nios2_qsys_0_jtag_debug_module_translator"
Info: nios2_qsys_0_instruction_master_translator_avalon_universal_master_0_agent: "aula_220819-qsys" instantiated altera_merlin_master_agent "nios2_qsys_0_instruction_master_translator_avalon_universal_master_0_agent"
Info: nios2_qsys_0_jtag_debug_module_translator_avalon_universal_slave_0_agent: "aula_220819-qsys" instantiated altera_merlin_slave_agent "nios2_qsys_0_jtag_debug_module_translator_avalon_universal_slave_0_agent"
Info: nios2_qsys_0_jtag_debug_module_translator_avalon_universal_slave_0_agent_rsp_fifo: "aula_220819-qsys" instantiated altera_avalon_sc_fifo "nios2_qsys_0_jtag_debug_module_translator_avalon_universal_slave_0_agent_rsp_fifo"
Info: addr_router: "aula_220819-qsys" instantiated altera_merlin_router "addr_router"
Info: id_router: "aula_220819-qsys" instantiated altera_merlin_router "id_router"
Info: limiter: "aula_220819-qsys" instantiated altera_merlin_traffic_limiter "limiter"
Info: rst_controller: "aula_220819-qsys" instantiated altera_reset_controller "rst_controller"
Info: cmd_xbar_demux: "aula_220819-qsys" instantiated altera_merlin_demultiplexer "cmd_xbar_demux"
Info: cmd_xbar_mux: "aula_220819-qsys" instantiated altera_merlin_multiplexer "cmd_xbar_mux"
Info: rsp_xbar_demux: "aula_220819-qsys" instantiated altera_merlin_demultiplexer "rsp_xbar_demux"
Info: rsp_xbar_mux: "aula_220819-qsys" instantiated altera_merlin_multiplexer "rsp_xbar_mux"
Info: Reusing file C:/Users/aluno/Documents/Dispositivos/aula_220819/aula_220819-qsys/synthesis/submodules/altera_merlin_arbitrator.sv
Info: irq_mapper: "aula_220819-qsys" instantiated altera_irq_mapper "irq_mapper"
Info: aula_220819-qsys: Done aula_220819-qsys" with 20 modules, 94 files, 2156023 bytes
Info: ip-generate succeeded.
Info: Finished: Create HDL design files for synthesis
