Info: Starting: Create block symbol file (.bsf)
Info: ip-generate --project-directory=C:/Users/Aluno/Documents/Dispositivos/aula_20190912/ --output-directory=C:/Users/Aluno/Documents/Dispositivos/aula_20190912/aula_20190912_qsys/ --report-file=bsf:C:/Users/Aluno/Documents/Dispositivos/aula_20190912/aula_20190912_qsys.bsf --system-info=DEVICE_FAMILY="Cyclone II" --system-info=DEVICE=EP2C35F672C6 --system-info=DEVICE_SPEEDGRADE=6 --component-file=C:/Users/Aluno/Documents/Dispositivos/aula_20190912/aula_20190912_qsys.qsys
Progress: Loading aula_20190912/aula_20190912_qsys.qsys
Progress: Reading input file
Progress: Adding clk_0 [clock_source 13.0]
Progress: Parameterizing module clk_0
Progress: Adding nios2_qsys_0 [altera_nios2_qsys 13.0]
Progress: Parameterizing module nios2_qsys_0
Progress: Adding onchip_memory2_0 [altera_avalon_onchip_memory2 13.0.1.99.2]
Progress: Parameterizing module onchip_memory2_0
Progress: Adding jtag_uart_0 [altera_avalon_jtag_uart 13.0.1.99.2]
Progress: Parameterizing module jtag_uart_0
Progress: Adding key [altera_avalon_pio 13.0.1.99.2]
Progress: Parameterizing module key
Progress: Adding sw [altera_avalon_pio 13.0.1.99.2]
Progress: Parameterizing module sw
Progress: Adding ledg [altera_avalon_pio 13.0.1.99.2]
Progress: Parameterizing module ledg
Progress: Adding ledr [altera_avalon_pio 13.0.1.99.2]
Progress: Parameterizing module ledr
Progress: Adding dado [altera_avalon_pio 13.0.1.99.2]
Progress: Parameterizing module dado
Progress: Adding tipo [altera_avalon_pio 13.0.1.99.2]
Progress: Parameterizing module tipo
Progress: Adding local [altera_avalon_pio 13.0.1.99.2]
Progress: Parameterizing module local
Progress: Adding grava [altera_avalon_pio 13.0.1.99.2]
Progress: Parameterizing module grava
Progress: Building connections
Progress: Parameterizing connections
Progress: Validating
Progress: Done reading input file
Info: aula_20190912_qsys.key: PIO inputs are not hardwired in test bench. Undefined values will be read from PIO inputs during simulation.
Info: aula_20190912_qsys.sw: PIO inputs are not hardwired in test bench. Undefined values will be read from PIO inputs during simulation.
Info: ip-generate succeeded.
Info: Finished: Create block symbol file (.bsf)
Info: 
Info: Starting: Create HDL design files for synthesis
Info: ip-generate --project-directory=C:/Users/Aluno/Documents/Dispositivos/aula_20190912/ --output-directory=C:/Users/Aluno/Documents/Dispositivos/aula_20190912/aula_20190912_qsys/synthesis/ --file-set=QUARTUS_SYNTH --report-file=sopcinfo:C:/Users/Aluno/Documents/Dispositivos/aula_20190912/aula_20190912_qsys.sopcinfo --report-file=html:C:/Users/Aluno/Documents/Dispositivos/aula_20190912/aula_20190912_qsys.html --report-file=qip:C:/Users/Aluno/Documents/Dispositivos/aula_20190912/aula_20190912_qsys/synthesis/aula_20190912_qsys.qip --report-file=cmp:C:/Users/Aluno/Documents/Dispositivos/aula_20190912/aula_20190912_qsys.cmp --report-file=svd --system-info=DEVICE_FAMILY="Cyclone II" --system-info=DEVICE=EP2C35F672C6 --system-info=DEVICE_SPEEDGRADE=6 --component-file=C:/Users/Aluno/Documents/Dispositivos/aula_20190912/aula_20190912_qsys.qsys --language=VHDL
Progress: Loading aula_20190912/aula_20190912_qsys.qsys
Progress: Reading input file
Progress: Adding clk_0 [clock_source 13.0]
Progress: Parameterizing module clk_0
Progress: Adding nios2_qsys_0 [altera_nios2_qsys 13.0]
Progress: Parameterizing module nios2_qsys_0
Progress: Adding onchip_memory2_0 [altera_avalon_onchip_memory2 13.0.1.99.2]
Progress: Parameterizing module onchip_memory2_0
Progress: Adding jtag_uart_0 [altera_avalon_jtag_uart 13.0.1.99.2]
Progress: Parameterizing module jtag_uart_0
Progress: Adding key [altera_avalon_pio 13.0.1.99.2]
Progress: Parameterizing module key
Progress: Adding sw [altera_avalon_pio 13.0.1.99.2]
Progress: Parameterizing module sw
Progress: Adding ledg [altera_avalon_pio 13.0.1.99.2]
Progress: Parameterizing module ledg
Progress: Adding ledr [altera_avalon_pio 13.0.1.99.2]
Progress: Parameterizing module ledr
Progress: Adding dado [altera_avalon_pio 13.0.1.99.2]
Progress: Parameterizing module dado
Progress: Adding tipo [altera_avalon_pio 13.0.1.99.2]
Progress: Parameterizing module tipo
Progress: Adding local [altera_avalon_pio 13.0.1.99.2]
Progress: Parameterizing module local
Progress: Adding grava [altera_avalon_pio 13.0.1.99.2]
Progress: Parameterizing module grava
Progress: Building connections
Progress: Parameterizing connections
Progress: Validating
Progress: Done reading input file
Info: aula_20190912_qsys.key: PIO inputs are not hardwired in test bench. Undefined values will be read from PIO inputs during simulation.
Info: aula_20190912_qsys.sw: PIO inputs are not hardwired in test bench. Undefined values will be read from PIO inputs during simulation.
Info: aula_20190912_qsys: Generating aula_20190912_qsys "aula_20190912_qsys" for QUARTUS_SYNTH
Info: pipeline_bridge_swap_transform: After transform: 12 modules, 45 connections
Info: No custom instruction connections, skipping transform 
Info: merlin_translator_transform: After transform: 25 modules, 84 connections
Info: merlin_domain_transform: After transform: 50 modules, 208 connections
Info: merlin_router_transform: After transform: 63 modules, 247 connections
Info: reset_adaptation_transform: After transform: 64 modules, 249 connections
Info: merlin_network_to_switch_transform: After transform: 89 modules, 319 connections
Info: merlin_mm_transform: After transform: 89 modules, 319 connections
Info: merlin_interrupt_mapper_transform: After transform: 90 modules, 322 connections
Warning: aula_20190912_qsys: "No matching role found for rst_controller:reset_out:reset_req (reset_req)"
Warning: aula_20190912_qsys: "No matching role found for rst_controller:reset_out:reset_req (reset_req)"
Warning: aula_20190912_qsys: "No matching role found for rst_controller:reset_out:reset_req (reset_req)"
Warning: aula_20190912_qsys: "No matching role found for rst_controller:reset_out:reset_req (reset_req)"
Warning: aula_20190912_qsys: "No matching role found for rst_controller:reset_out:reset_req (reset_req)"
Warning: aula_20190912_qsys: "No matching role found for rst_controller:reset_out:reset_req (reset_req)"
Warning: aula_20190912_qsys: "No matching role found for rst_controller:reset_out:reset_req (reset_req)"
Warning: aula_20190912_qsys: "No matching role found for rst_controller:reset_out:reset_req (reset_req)"
Warning: aula_20190912_qsys: "No matching role found for rst_controller:reset_out:reset_req (reset_req)"
Warning: aula_20190912_qsys: "No matching role found for rst_controller:reset_out:reset_req (reset_req)"
Warning: aula_20190912_qsys: "No matching role found for rst_controller:reset_out:reset_req (reset_req)"
Warning: aula_20190912_qsys: "No matching role found for rst_controller:reset_out:reset_req (reset_req)"
Warning: aula_20190912_qsys: "No matching role found for rst_controller:reset_out:reset_req (reset_req)"
Warning: aula_20190912_qsys: "No matching role found for rst_controller:reset_out:reset_req (reset_req)"
Warning: aula_20190912_qsys: "No matching role found for rst_controller:reset_out:reset_req (reset_req)"
Warning: aula_20190912_qsys: "No matching role found for rst_controller:reset_out:reset_req (reset_req)"
Warning: aula_20190912_qsys: "No matching role found for rst_controller:reset_out:reset_req (reset_req)"
Warning: aula_20190912_qsys: "No matching role found for rst_controller:reset_out:reset_req (reset_req)"
Warning: aula_20190912_qsys: "No matching role found for rst_controller:reset_out:reset_req (reset_req)"
Warning: aula_20190912_qsys: "No matching role found for rst_controller:reset_out:reset_req (reset_req)"
Warning: aula_20190912_qsys: "No matching role found for rst_controller:reset_out:reset_req (reset_req)"
Warning: aula_20190912_qsys: "No matching role found for rst_controller:reset_out:reset_req (reset_req)"
Warning: aula_20190912_qsys: "No matching role found for rst_controller:reset_out:reset_req (reset_req)"
Warning: aula_20190912_qsys: "No matching role found for rst_controller:reset_out:reset_req (reset_req)"
Warning: aula_20190912_qsys: "No matching role found for rst_controller:reset_out:reset_req (reset_req)"
Warning: aula_20190912_qsys: "No matching role found for rst_controller:reset_out:reset_req (reset_req)"
Warning: aula_20190912_qsys: "No matching role found for rst_controller:reset_out:reset_req (reset_req)"
Warning: aula_20190912_qsys: "No matching role found for rst_controller:reset_out:reset_req (reset_req)"
Warning: aula_20190912_qsys: "No matching role found for rst_controller:reset_out:reset_req (reset_req)"
Warning: aula_20190912_qsys: "No matching role found for rst_controller:reset_out:reset_req (reset_req)"
Warning: aula_20190912_qsys: "No matching role found for rst_controller:reset_out:reset_req (reset_req)"
Warning: aula_20190912_qsys: "No matching role found for rst_controller:reset_out:reset_req (reset_req)"
Warning: aula_20190912_qsys: "No matching role found for rst_controller:reset_out:reset_req (reset_req)"
Warning: aula_20190912_qsys: "No matching role found for rst_controller:reset_out:reset_req (reset_req)"
Warning: aula_20190912_qsys: "No matching role found for rst_controller:reset_out:reset_req (reset_req)"
Warning: aula_20190912_qsys: "No matching role found for rst_controller:reset_out:reset_req (reset_req)"
Warning: aula_20190912_qsys: "No matching role found for rst_controller:reset_out:reset_req (reset_req)"
Warning: aula_20190912_qsys: "No matching role found for rst_controller:reset_out:reset_req (reset_req)"
Warning: aula_20190912_qsys: "No matching role found for rst_controller:reset_out:reset_req (reset_req)"
Warning: aula_20190912_qsys: "No matching role found for rst_controller:reset_out:reset_req (reset_req)"
Warning: aula_20190912_qsys: "No matching role found for rst_controller:reset_out:reset_req (reset_req)"
Warning: aula_20190912_qsys: "No matching role found for rst_controller:reset_out:reset_req (reset_req)"
Warning: aula_20190912_qsys: "No matching role found for rst_controller:reset_out:reset_req (reset_req)"
Warning: aula_20190912_qsys: "No matching role found for rst_controller:reset_out:reset_req (reset_req)"
Warning: aula_20190912_qsys: "No matching role found for rst_controller:reset_out:reset_req (reset_req)"
Warning: aula_20190912_qsys: "No matching role found for rst_controller:reset_out:reset_req (reset_req)"
Warning: aula_20190912_qsys: "No matching role found for rst_controller:reset_out:reset_req (reset_req)"
Warning: aula_20190912_qsys: "No matching role found for rst_controller:reset_out:reset_req (reset_req)"
Warning: aula_20190912_qsys: "No matching role found for rst_controller:reset_out:reset_req (reset_req)"
Warning: aula_20190912_qsys: "No matching role found for rst_controller:reset_out:reset_req (reset_req)"
Warning: aula_20190912_qsys: "No matching role found for rst_controller:reset_out:reset_req (reset_req)"
Warning: aula_20190912_qsys: "No matching role found for rst_controller:reset_out:reset_req (reset_req)"
Warning: aula_20190912_qsys: "No matching role found for rst_controller:reset_out:reset_req (reset_req)"
Warning: aula_20190912_qsys: "No matching role found for rst_controller:reset_out:reset_req (reset_req)"
Warning: aula_20190912_qsys: "No matching role found for rst_controller:reset_out:reset_req (reset_req)"
Warning: aula_20190912_qsys: "No matching role found for rst_controller:reset_out:reset_req (reset_req)"
Warning: aula_20190912_qsys: "No matching role found for rst_controller:reset_out:reset_req (reset_req)"
Warning: aula_20190912_qsys: "No matching role found for rst_controller:reset_out:reset_req (reset_req)"
Warning: aula_20190912_qsys: "No matching role found for rst_controller:reset_out:reset_req (reset_req)"
Warning: aula_20190912_qsys: "No matching role found for rst_controller:reset_out:reset_req (reset_req)"
Warning: aula_20190912_qsys: "No matching role found for rst_controller:reset_out:reset_req (reset_req)"
Warning: aula_20190912_qsys: "No matching role found for rst_controller:reset_out:reset_req (reset_req)"
Warning: aula_20190912_qsys: "No matching role found for rst_controller:reset_out:reset_req (reset_req)"
Warning: aula_20190912_qsys: "No matching role found for rst_controller:reset_out:reset_req (reset_req)"
Warning: aula_20190912_qsys: "No matching role found for rst_controller:reset_out:reset_req (reset_req)"
Warning: aula_20190912_qsys: "No matching role found for rst_controller:reset_out:reset_req (reset_req)"
Warning: aula_20190912_qsys: "No matching role found for rst_controller:reset_out:reset_req (reset_req)"
Warning: aula_20190912_qsys: "No matching role found for rst_controller:reset_out:reset_req (reset_req)"
Warning: aula_20190912_qsys: "No matching role found for rst_controller:reset_out:reset_req (reset_req)"
Warning: aula_20190912_qsys: "No matching role found for rst_controller:reset_out:reset_req (reset_req)"
Warning: aula_20190912_qsys: "No matching role found for rst_controller:reset_out:reset_req (reset_req)"
Warning: aula_20190912_qsys: "No matching role found for rst_controller:reset_out:reset_req (reset_req)"
Warning: aula_20190912_qsys: "No matching role found for rst_controller:reset_out:reset_req (reset_req)"
Warning: aula_20190912_qsys: "No matching role found for rst_controller:reset_out:reset_req (reset_req)"
Warning: aula_20190912_qsys: "No matching role found for rst_controller:reset_out:reset_req (reset_req)"
Warning: aula_20190912_qsys: "No matching role found for rst_controller:reset_out:reset_req (reset_req)"
Warning: aula_20190912_qsys: "No matching role found for rst_controller:reset_out:reset_req (reset_req)"
Warning: aula_20190912_qsys: "No matching role found for rst_controller:reset_out:reset_req (reset_req)"
Warning: aula_20190912_qsys: "No matching role found for rst_controller:reset_out:reset_req (reset_req)"
Warning: aula_20190912_qsys: "No matching role found for rst_controller:reset_out:reset_req (reset_req)"
Warning: aula_20190912_qsys: "No matching role found for rst_controller:reset_out:reset_req (reset_req)"
Warning: aula_20190912_qsys: "No matching role found for rst_controller:reset_out:reset_req (reset_req)"
Warning: aula_20190912_qsys: "No matching role found for rst_controller:reset_out:reset_req (reset_req)"
Warning: aula_20190912_qsys: "No matching role found for rst_controller:reset_out:reset_req (reset_req)"
Warning: aula_20190912_qsys: "No matching role found for rst_controller:reset_out:reset_req (reset_req)"
Warning: aula_20190912_qsys: "No matching role found for rst_controller:reset_out:reset_req (reset_req)"
Warning: aula_20190912_qsys: "No matching role found for rst_controller:reset_out:reset_req (reset_req)"
Info: nios2_qsys_0: Starting RTL generation for module 'aula_20190912_qsys_nios2_qsys_0'
Info: nios2_qsys_0:   Generation command is [exec C:/altera/web_13.0sp1/quartus/../ip/altera/nios2_ip/altera_nios2/eperl.exe -I C:/altera/web_13.0sp1/quartus/common/ip/altera/common/perl/5.8.3 -I C:/altera/web_13.0sp1/quartus/sopc_builder/bin/europa -I C:/altera/web_13.0sp1/quartus/sopc_builder/bin/perl_lib -I C:/altera/web_13.0sp1/quartus/sopc_builder/bin -I C:/altera/web_13.0sp1/quartus/../ip/altera/nios2_ip/altera_nios2/cpu_lib -I C:/altera/web_13.0sp1/quartus/../ip/altera/nios2_ip/altera_nios2/nios_lib -I C:/altera/web_13.0sp1/quartus/../ip/altera/nios2_ip/altera_nios2 -I C:/altera/web_13.0sp1/quartus/../ip/altera/nios2_ip/altera_nios2 -- C:/altera/web_13.0sp1/quartus/../ip/altera/nios2_ip/altera_nios2/generate_rtl.epl --name=aula_20190912_qsys_nios2_qsys_0 --dir=C:/Users/Aluno/AppData/Local/Temp/alt8151_1722265612746599760.dir/0001_nios2_qsys_0_gen/ --quartus_dir=C:/altera/web_13.0sp1/quartus --verilog --config=C:/Users/Aluno/AppData/Local/Temp/alt8151_1722265612746599760.dir/0001_nios2_qsys_0_gen//aula_20190912_qsys_nios2_qsys_0_processor_configuration.pl  --do_build_sim=0    --bogus  ]
Info: nios2_qsys_0: # 2019.09.12 19:53:32 (*) Starting Nios II generation
Info: nios2_qsys_0: # 2019.09.12 19:53:32 (*)   Checking for plaintext license.
Info: nios2_qsys_0: # 2019.09.12 19:53:35 (*)   Couldn't query license setup in Quartus directory C:/altera/web_13.0sp1/quartus
Info: nios2_qsys_0: # 2019.09.12 19:53:35 (*)   Defaulting to contents of LM_LICENSE_FILE environment variable
Info: nios2_qsys_0: # 2019.09.12 19:53:35 (*)   LM_LICENSE_FILE environment variable is empty
Info: nios2_qsys_0: # 2019.09.12 19:53:35 (*)   Plaintext license not found.
Info: nios2_qsys_0: # 2019.09.12 19:53:35 (*)   No license required to generate encrypted Nios II/e.
Info: nios2_qsys_0: # 2019.09.12 19:53:35 (*)   Elaborating CPU configuration settings
Info: nios2_qsys_0: # 2019.09.12 19:53:35 (*)   Creating all objects for CPU
Info: nios2_qsys_0: # 2019.09.12 19:53:36 (*)   Generating RTL from CPU objects
Info: nios2_qsys_0: # 2019.09.12 19:53:36 (*)   Creating plain-text RTL
Info: nios2_qsys_0: # 2019.09.12 19:53:40 (*) Done Nios II generation
Info: nios2_qsys_0: Done RTL generation for module 'aula_20190912_qsys_nios2_qsys_0'
Info: nios2_qsys_0: "aula_20190912_qsys" instantiated altera_nios2_qsys "nios2_qsys_0"
Info: onchip_memory2_0: Starting RTL generation for module 'aula_20190912_qsys_onchip_memory2_0'
Info: onchip_memory2_0:   Generation command is [exec C:/altera/web_13.0sp1/quartus/bin/perl/bin/perl.exe -I C:/altera/web_13.0sp1/quartus/common/ip/altera/common/perl/5.8.3 -I C:/altera/web_13.0sp1/quartus/sopc_builder/bin/europa -I C:/altera/web_13.0sp1/quartus/sopc_builder/bin/perl_lib -I C:/altera/web_13.0sp1/quartus/sopc_builder/bin -I C:/altera/web_13.0sp1/quartus/../ip/altera/sopc_builder_ip/common -I C:/altera/web_13.0sp1/quartus/../ip/altera/sopc_builder_ip/altera_avalon_onchip_memory2 -- C:/altera/web_13.0sp1/quartus/../ip/altera/sopc_builder_ip/altera_avalon_onchip_memory2/generate_rtl.pl --name=aula_20190912_qsys_onchip_memory2_0 --dir=C:/Users/Aluno/AppData/Local/Temp/alt8151_1722265612746599760.dir/0002_onchip_memory2_0_gen/ --quartus_dir=C:/altera/web_13.0sp1/quartus --verilog --config=C:/Users/Aluno/AppData/Local/Temp/alt8151_1722265612746599760.dir/0002_onchip_memory2_0_gen//aula_20190912_qsys_onchip_memory2_0_component_configuration.pl  --do_build_sim=0  ]
Info: onchip_memory2_0: Done RTL generation for module 'aula_20190912_qsys_onchip_memory2_0'
Info: onchip_memory2_0: "aula_20190912_qsys" instantiated altera_avalon_onchip_memory2 "onchip_memory2_0"
Info: jtag_uart_0: Starting RTL generation for module 'aula_20190912_qsys_jtag_uart_0'
Info: jtag_uart_0:   Generation command is [exec C:/altera/web_13.0sp1/quartus/bin/perl/bin/perl.exe -I C:/altera/web_13.0sp1/quartus/common/ip/altera/common/perl/5.8.3 -I C:/altera/web_13.0sp1/quartus/sopc_builder/bin/europa -I C:/altera/web_13.0sp1/quartus/sopc_builder/bin/perl_lib -I C:/altera/web_13.0sp1/quartus/sopc_builder/bin -I C:/altera/web_13.0sp1/quartus/../ip/altera/sopc_builder_ip/common -I C:/altera/web_13.0sp1/quartus/../ip/altera/sopc_builder_ip/altera_avalon_jtag_uart -- C:/altera/web_13.0sp1/quartus/../ip/altera/sopc_builder_ip/altera_avalon_jtag_uart/generate_rtl.pl --name=aula_20190912_qsys_jtag_uart_0 --dir=C:/Users/Aluno/AppData/Local/Temp/alt8151_1722265612746599760.dir/0003_jtag_uart_0_gen/ --quartus_dir=C:/altera/web_13.0sp1/quartus --verilog --config=C:/Users/Aluno/AppData/Local/Temp/alt8151_1722265612746599760.dir/0003_jtag_uart_0_gen//aula_20190912_qsys_jtag_uart_0_component_configuration.pl  --do_build_sim=0  ]
Info: jtag_uart_0: Done RTL generation for module 'aula_20190912_qsys_jtag_uart_0'
Info: jtag_uart_0: "aula_20190912_qsys" instantiated altera_avalon_jtag_uart "jtag_uart_0"
Info: key: Starting RTL generation for module 'aula_20190912_qsys_key'
Info: key:   Generation command is [exec C:/altera/web_13.0sp1/quartus/bin/perl/bin/perl.exe -I C:/altera/web_13.0sp1/quartus/common/ip/altera/common/perl/5.8.3 -I C:/altera/web_13.0sp1/quartus/sopc_builder/bin/europa -I C:/altera/web_13.0sp1/quartus/sopc_builder/bin/perl_lib -I C:/altera/web_13.0sp1/quartus/sopc_builder/bin -I C:/altera/web_13.0sp1/quartus/../ip/altera/sopc_builder_ip/common -I C:/altera/web_13.0sp1/quartus/../ip/altera/sopc_builder_ip/altera_avalon_pio -- C:/altera/web_13.0sp1/quartus/../ip/altera/sopc_builder_ip/altera_avalon_pio/generate_rtl.pl --name=aula_20190912_qsys_key --dir=C:/Users/Aluno/AppData/Local/Temp/alt8151_1722265612746599760.dir/0004_key_gen/ --quartus_dir=C:/altera/web_13.0sp1/quartus --verilog --config=C:/Users/Aluno/AppData/Local/Temp/alt8151_1722265612746599760.dir/0004_key_gen//aula_20190912_qsys_key_component_configuration.pl  --do_build_sim=0  ]
Info: key: Done RTL generation for module 'aula_20190912_qsys_key'
Info: key: "aula_20190912_qsys" instantiated altera_avalon_pio "key"
Info: sw: Starting RTL generation for module 'aula_20190912_qsys_sw'
Info: sw:   Generation command is [exec C:/altera/web_13.0sp1/quartus/bin/perl/bin/perl.exe -I C:/altera/web_13.0sp1/quartus/common/ip/altera/common/perl/5.8.3 -I C:/altera/web_13.0sp1/quartus/sopc_builder/bin/europa -I C:/altera/web_13.0sp1/quartus/sopc_builder/bin/perl_lib -I C:/altera/web_13.0sp1/quartus/sopc_builder/bin -I C:/altera/web_13.0sp1/quartus/../ip/altera/sopc_builder_ip/common -I C:/altera/web_13.0sp1/quartus/../ip/altera/sopc_builder_ip/altera_avalon_pio -- C:/altera/web_13.0sp1/quartus/../ip/altera/sopc_builder_ip/altera_avalon_pio/generate_rtl.pl --name=aula_20190912_qsys_sw --dir=C:/Users/Aluno/AppData/Local/Temp/alt8151_1722265612746599760.dir/0005_sw_gen/ --quartus_dir=C:/altera/web_13.0sp1/quartus --verilog --config=C:/Users/Aluno/AppData/Local/Temp/alt8151_1722265612746599760.dir/0005_sw_gen//aula_20190912_qsys_sw_component_configuration.pl  --do_build_sim=0  ]
Info: sw: Done RTL generation for module 'aula_20190912_qsys_sw'
Info: sw: "aula_20190912_qsys" instantiated altera_avalon_pio "sw"
Info: ledg: Starting RTL generation for module 'aula_20190912_qsys_ledg'
Info: ledg:   Generation command is [exec C:/altera/web_13.0sp1/quartus/bin/perl/bin/perl.exe -I C:/altera/web_13.0sp1/quartus/common/ip/altera/common/perl/5.8.3 -I C:/altera/web_13.0sp1/quartus/sopc_builder/bin/europa -I C:/altera/web_13.0sp1/quartus/sopc_builder/bin/perl_lib -I C:/altera/web_13.0sp1/quartus/sopc_builder/bin -I C:/altera/web_13.0sp1/quartus/../ip/altera/sopc_builder_ip/common -I C:/altera/web_13.0sp1/quartus/../ip/altera/sopc_builder_ip/altera_avalon_pio -- C:/altera/web_13.0sp1/quartus/../ip/altera/sopc_builder_ip/altera_avalon_pio/generate_rtl.pl --name=aula_20190912_qsys_ledg --dir=C:/Users/Aluno/AppData/Local/Temp/alt8151_1722265612746599760.dir/0006_ledg_gen/ --quartus_dir=C:/altera/web_13.0sp1/quartus --verilog --config=C:/Users/Aluno/AppData/Local/Temp/alt8151_1722265612746599760.dir/0006_ledg_gen//aula_20190912_qsys_ledg_component_configuration.pl  --do_build_sim=0  ]
Info: ledg: Done RTL generation for module 'aula_20190912_qsys_ledg'
Info: ledg: "aula_20190912_qsys" instantiated altera_avalon_pio "ledg"
Info: dado: Starting RTL generation for module 'aula_20190912_qsys_dado'
Info: dado:   Generation command is [exec C:/altera/web_13.0sp1/quartus/bin/perl/bin/perl.exe -I C:/altera/web_13.0sp1/quartus/common/ip/altera/common/perl/5.8.3 -I C:/altera/web_13.0sp1/quartus/sopc_builder/bin/europa -I C:/altera/web_13.0sp1/quartus/sopc_builder/bin/perl_lib -I C:/altera/web_13.0sp1/quartus/sopc_builder/bin -I C:/altera/web_13.0sp1/quartus/../ip/altera/sopc_builder_ip/common -I C:/altera/web_13.0sp1/quartus/../ip/altera/sopc_builder_ip/altera_avalon_pio -- C:/altera/web_13.0sp1/quartus/../ip/altera/sopc_builder_ip/altera_avalon_pio/generate_rtl.pl --name=aula_20190912_qsys_dado --dir=C:/Users/Aluno/AppData/Local/Temp/alt8151_1722265612746599760.dir/0007_dado_gen/ --quartus_dir=C:/altera/web_13.0sp1/quartus --verilog --config=C:/Users/Aluno/AppData/Local/Temp/alt8151_1722265612746599760.dir/0007_dado_gen//aula_20190912_qsys_dado_component_configuration.pl  --do_build_sim=0  ]
Info: dado: Done RTL generation for module 'aula_20190912_qsys_dado'
Info: dado: "aula_20190912_qsys" instantiated altera_avalon_pio "dado"
Info: tipo: Starting RTL generation for module 'aula_20190912_qsys_tipo'
Info: tipo:   Generation command is [exec C:/altera/web_13.0sp1/quartus/bin/perl/bin/perl.exe -I C:/altera/web_13.0sp1/quartus/common/ip/altera/common/perl/5.8.3 -I C:/altera/web_13.0sp1/quartus/sopc_builder/bin/europa -I C:/altera/web_13.0sp1/quartus/sopc_builder/bin/perl_lib -I C:/altera/web_13.0sp1/quartus/sopc_builder/bin -I C:/altera/web_13.0sp1/quartus/../ip/altera/sopc_builder_ip/common -I C:/altera/web_13.0sp1/quartus/../ip/altera/sopc_builder_ip/altera_avalon_pio -- C:/altera/web_13.0sp1/quartus/../ip/altera/sopc_builder_ip/altera_avalon_pio/generate_rtl.pl --name=aula_20190912_qsys_tipo --dir=C:/Users/Aluno/AppData/Local/Temp/alt8151_1722265612746599760.dir/0008_tipo_gen/ --quartus_dir=C:/altera/web_13.0sp1/quartus --verilog --config=C:/Users/Aluno/AppData/Local/Temp/alt8151_1722265612746599760.dir/0008_tipo_gen//aula_20190912_qsys_tipo_component_configuration.pl  --do_build_sim=0  ]
Info: tipo: Done RTL generation for module 'aula_20190912_qsys_tipo'
Info: tipo: "aula_20190912_qsys" instantiated altera_avalon_pio "tipo"
Info: local: Starting RTL generation for module 'aula_20190912_qsys_local'
Info: local:   Generation command is [exec C:/altera/web_13.0sp1/quartus/bin/perl/bin/perl.exe -I C:/altera/web_13.0sp1/quartus/common/ip/altera/common/perl/5.8.3 -I C:/altera/web_13.0sp1/quartus/sopc_builder/bin/europa -I C:/altera/web_13.0sp1/quartus/sopc_builder/bin/perl_lib -I C:/altera/web_13.0sp1/quartus/sopc_builder/bin -I C:/altera/web_13.0sp1/quartus/../ip/altera/sopc_builder_ip/common -I C:/altera/web_13.0sp1/quartus/../ip/altera/sopc_builder_ip/altera_avalon_pio -- C:/altera/web_13.0sp1/quartus/../ip/altera/sopc_builder_ip/altera_avalon_pio/generate_rtl.pl --name=aula_20190912_qsys_local --dir=C:/Users/Aluno/AppData/Local/Temp/alt8151_1722265612746599760.dir/0009_local_gen/ --quartus_dir=C:/altera/web_13.0sp1/quartus --verilog --config=C:/Users/Aluno/AppData/Local/Temp/alt8151_1722265612746599760.dir/0009_local_gen//aula_20190912_qsys_local_component_configuration.pl  --do_build_sim=0  ]
Info: local: Done RTL generation for module 'aula_20190912_qsys_local'
Info: local: "aula_20190912_qsys" instantiated altera_avalon_pio "local"
Info: grava: Starting RTL generation for module 'aula_20190912_qsys_grava'
Info: grava:   Generation command is [exec C:/altera/web_13.0sp1/quartus/bin/perl/bin/perl.exe -I C:/altera/web_13.0sp1/quartus/common/ip/altera/common/perl/5.8.3 -I C:/altera/web_13.0sp1/quartus/sopc_builder/bin/europa -I C:/altera/web_13.0sp1/quartus/sopc_builder/bin/perl_lib -I C:/altera/web_13.0sp1/quartus/sopc_builder/bin -I C:/altera/web_13.0sp1/quartus/../ip/altera/sopc_builder_ip/common -I C:/altera/web_13.0sp1/quartus/../ip/altera/sopc_builder_ip/altera_avalon_pio -- C:/altera/web_13.0sp1/quartus/../ip/altera/sopc_builder_ip/altera_avalon_pio/generate_rtl.pl --name=aula_20190912_qsys_grava --dir=C:/Users/Aluno/AppData/Local/Temp/alt8151_1722265612746599760.dir/0010_grava_gen/ --quartus_dir=C:/altera/web_13.0sp1/quartus --verilog --config=C:/Users/Aluno/AppData/Local/Temp/alt8151_1722265612746599760.dir/0010_grava_gen//aula_20190912_qsys_grava_component_configuration.pl  --do_build_sim=0  ]
Info: grava: Done RTL generation for module 'aula_20190912_qsys_grava'
Info: grava: "aula_20190912_qsys" instantiated altera_avalon_pio "grava"
Info: nios2_qsys_0_instruction_master_translator: "aula_20190912_qsys" instantiated altera_merlin_master_translator "nios2_qsys_0_instruction_master_translator"
Info: nios2_qsys_0_jtag_debug_module_translator: "aula_20190912_qsys" instantiated altera_merlin_slave_translator "nios2_qsys_0_jtag_debug_module_translator"
Info: nios2_qsys_0_instruction_master_translator_avalon_universal_master_0_agent: "aula_20190912_qsys" instantiated altera_merlin_master_agent "nios2_qsys_0_instruction_master_translator_avalon_universal_master_0_agent"
Info: nios2_qsys_0_jtag_debug_module_translator_avalon_universal_slave_0_agent: "aula_20190912_qsys" instantiated altera_merlin_slave_agent "nios2_qsys_0_jtag_debug_module_translator_avalon_universal_slave_0_agent"
Info: nios2_qsys_0_jtag_debug_module_translator_avalon_universal_slave_0_agent_rsp_fifo: "aula_20190912_qsys" instantiated altera_avalon_sc_fifo "nios2_qsys_0_jtag_debug_module_translator_avalon_universal_slave_0_agent_rsp_fifo"
Info: addr_router: "aula_20190912_qsys" instantiated altera_merlin_router "addr_router"
Info: id_router: "aula_20190912_qsys" instantiated altera_merlin_router "id_router"
Info: rst_controller: "aula_20190912_qsys" instantiated altera_reset_controller "rst_controller"
Info: cmd_xbar_demux: "aula_20190912_qsys" instantiated altera_merlin_demultiplexer "cmd_xbar_demux"
Info: cmd_xbar_mux: "aula_20190912_qsys" instantiated altera_merlin_multiplexer "cmd_xbar_mux"
Info: rsp_xbar_demux: "aula_20190912_qsys" instantiated altera_merlin_demultiplexer "rsp_xbar_demux"
Info: rsp_xbar_mux: "aula_20190912_qsys" instantiated altera_merlin_multiplexer "rsp_xbar_mux"
Info: Reusing file C:/Users/Aluno/Documents/Dispositivos/aula_20190912/aula_20190912_qsys/synthesis/submodules/altera_merlin_arbitrator.sv
Info: irq_mapper: "aula_20190912_qsys" instantiated altera_irq_mapper "irq_mapper"
Info: aula_20190912_qsys: Done aula_20190912_qsys" with 24 modules, 139 files, 2865148 bytes
Info: ip-generate succeeded.
Info: Finished: Create HDL design files for synthesis
